<?xml version="1.0" encoding="UTF-8"?>
<!-- Generated by org.testng.reporters.JUnitXMLReporter -->
<testsuite hostname="srijan-ThinkPad-E470" ignored="0" name="Test" tests="5" failures="0" timestamp="13 Oct 2017 10:08:00 GMT" time="83.83" errors="0">
  <testcase name="initialisation" time="16.919" classname="loginPage.Registration"/>
  <testcase name="registeration_fields_check" time="3.314" classname="loginPage.Registration"/>
  <testcase name="register" time="46.898" classname="loginPage.Registration"/>
  <testcase name="LoginInitialisation" time="0.038" classname="loginPage.Login"/>
  <testcase name="logIn" time="16.634" classname="loginPage.Login"/>
</testsuite> <!-- Test -->
